<?xml version="1.0" encoding="UTF-8"?>
<!-- Generated by org.testng.reporters.JUnitReportReporter -->
<testsuite hostname="DESKTOP-DICR0QK" failures="0" tests="1" name="org.requests.AppTest" time="0.004" errors="0" timestamp="2021-01-04T10:29:20 PST" skipped="0">
  <testcase classname="org.requests.AppTest" name="shouldAnswerWithTrue" time="0.004"/>
  <system-out/>
</testsuite> <!-- org.requests.AppTest -->
